2024-04-01 17:10:42,829 [INFO] [restartedMain] [36mt.y.b.l.LogApplication[50][0;39m : Starting LogApplication using Java 17.0.9 with PID 9868 (F:\yang\spring-boot-learning\spring-boot-log\target\classes started by Administrator in F:\yang\spring-boot-learning)
2024-04-01 17:10:42,829 [INFO] [restartedMain] [36mt.y.b.l.LogApplication[660][0;39m : The following 1 profile is active: "dev"
2024-04-01 17:10:43,078 [INFO] [restartedMain] [36mo.s.b.w.e.t.TomcatWebServer[109][0;39m : Tomcat initialized with port 8080 (http)
2024-04-01 17:10:43,081 [INFO] [restartedMain] [36mo.a.c.h.Http11NioProtocol[173][0;39m : Initializing ProtocolHandler ["http-nio-8080"]
2024-04-01 17:10:43,082 [INFO] [restartedMain] [36mo.a.c.c.StandardService[173][0;39m : Starting service [Tomcat]
2024-04-01 17:10:43,082 [INFO] [restartedMain] [36mo.a.c.c.StandardEngine[173][0;39m : Starting Servlet engine: [Apache Tomcat/10.1.19]
2024-04-01 17:10:43,092 [INFO] [restartedMain] [36mo.a.c.c.C.[.[.[/][173][0;39m : Initializing Spring embedded WebApplicationContext
2024-04-01 17:10:43,093 [INFO] [restartedMain] [36mo.s.b.w.s.c.ServletWebServerApplicationContext[296][0;39m : Root WebApplicationContext: initialization completed in 262 ms
2024-04-01 17:10:43,177 [INFO] [restartedMain] [36mo.s.b.d.a.OptionalLiveReloadServer[59][0;39m : LiveReload server is running on port 35729
2024-04-01 17:10:43,183 [INFO] [restartedMain] [36mo.a.c.h.Http11NioProtocol[173][0;39m : Starting ProtocolHandler ["http-nio-8080"]
2024-04-01 17:10:43,187 [INFO] [restartedMain] [36mo.s.b.w.e.t.TomcatWebServer[241][0;39m : Tomcat started on port 8080 (http) with context path ''
2024-04-01 17:10:43,192 [INFO] [restartedMain] [36mt.y.b.l.LogApplication[56][0;39m : Started LogApplication in 0.414 seconds (process running for 44.01)
2024-04-01 17:10:43,193 [INFO] [restartedMain] [36mo.s.b.d.a.ConditionEvaluationDeltaLoggingListener[63][0;39m : Condition evaluation unchanged
2024-04-01 17:11:32,544 [INFO] [restartedMain] [36mt.y.b.l.LogApplication[50][0;39m : Starting LogApplication using Java 17.0.9 with PID 2080 (F:\yang\spring-boot-learning\spring-boot-log\target\classes started by Administrator in F:\yang\spring-boot-learning)
2024-04-01 17:11:32,551 [INFO] [restartedMain] [36mt.y.b.l.LogApplication[660][0;39m : The following 1 profile is active: "dev"
2024-04-01 17:11:32,705 [INFO] [restartedMain] [36mo.s.b.d.e.DevToolsPropertyDefaultsPostProcessor[252][0;39m : Devtools property defaults active! Set 'spring.devtools.add-properties' to 'false' to disable
2024-04-01 17:11:32,706 [INFO] [restartedMain] [36mo.s.b.d.e.DevToolsPropertyDefaultsPostProcessor[252][0;39m : For additional web related logging consider setting the 'logging.level.web' property to 'DEBUG'
2024-04-01 17:11:35,333 [INFO] [restartedMain] [36mo.s.b.w.e.t.TomcatWebServer[109][0;39m : Tomcat initialized with port 8080 (http)
2024-04-01 17:11:35,348 [INFO] [restartedMain] [36mo.a.c.h.Http11NioProtocol[173][0;39m : Initializing ProtocolHandler ["http-nio-8080"]
2024-04-01 17:11:35,351 [INFO] [restartedMain] [36mo.a.c.c.StandardService[173][0;39m : Starting service [Tomcat]
2024-04-01 17:11:35,352 [INFO] [restartedMain] [36mo.a.c.c.StandardEngine[173][0;39m : Starting Servlet engine: [Apache Tomcat/10.1.19]
2024-04-01 17:11:35,427 [INFO] [restartedMain] [36mo.a.c.c.C.[.[.[/][173][0;39m : Initializing Spring embedded WebApplicationContext
2024-04-01 17:11:35,428 [INFO] [restartedMain] [36mo.s.b.w.s.c.ServletWebServerApplicationContext[296][0;39m : Root WebApplicationContext: initialization completed in 2721 ms
2024-04-01 17:11:36,079 [INFO] [restartedMain] [36mo.s.b.d.a.OptionalLiveReloadServer[59][0;39m : LiveReload server is running on port 35729
2024-04-01 17:11:36,101 [INFO] [restartedMain] [36mo.a.c.h.Http11NioProtocol[173][0;39m : Starting ProtocolHandler ["http-nio-8080"]
2024-04-01 17:11:36,126 [INFO] [restartedMain] [36mo.s.b.w.e.t.TomcatWebServer[241][0;39m : Tomcat started on port 8080 (http) with context path ''
2024-04-01 17:11:36,139 [INFO] [restartedMain] [36mt.y.b.l.LogApplication[56][0;39m : Started LogApplication in 5.148 seconds (process running for 5.97)
2024-04-01 17:12:28,235 [INFO] [restartedMain] [36mt.y.b.l.LogApplication[50][0;39m : Starting LogApplication using Java 17.0.9 with PID 24252 (F:\yang\spring-boot-learning\spring-boot-log\target\classes started by Administrator in F:\yang\spring-boot-learning)
2024-04-01 17:12:28,242 [INFO] [restartedMain] [36mt.y.b.l.LogApplication[660][0;39m : The following 1 profile is active: "dev"
2024-04-01 17:12:28,310 [INFO] [restartedMain] [36mo.s.b.d.e.DevToolsPropertyDefaultsPostProcessor[252][0;39m : Devtools property defaults active! Set 'spring.devtools.add-properties' to 'false' to disable
2024-04-01 17:12:28,311 [INFO] [restartedMain] [36mo.s.b.d.e.DevToolsPropertyDefaultsPostProcessor[252][0;39m : For additional web related logging consider setting the 'logging.level.web' property to 'DEBUG'
2024-04-01 17:12:30,119 [INFO] [restartedMain] [36mo.s.b.w.e.t.TomcatWebServer[109][0;39m : Tomcat initialized with port 8080 (http)
2024-04-01 17:12:30,143 [INFO] [restartedMain] [36mo.a.c.h.Http11NioProtocol[173][0;39m : Initializing ProtocolHandler ["http-nio-8080"]
2024-04-01 17:12:30,147 [INFO] [restartedMain] [36mo.a.c.c.StandardService[173][0;39m : Starting service [Tomcat]
2024-04-01 17:12:30,147 [INFO] [restartedMain] [36mo.a.c.c.StandardEngine[173][0;39m : Starting Servlet engine: [Apache Tomcat/10.1.19]
2024-04-01 17:12:30,248 [INFO] [restartedMain] [36mo.a.c.c.C.[.[.[/][173][0;39m : Initializing Spring embedded WebApplicationContext
2024-04-01 17:12:30,249 [INFO] [restartedMain] [36mo.s.b.w.s.c.ServletWebServerApplicationContext[296][0;39m : Root WebApplicationContext: initialization completed in 1936 ms
2024-04-01 17:12:31,117 [INFO] [restartedMain] [36mo.s.b.d.a.OptionalLiveReloadServer[59][0;39m : LiveReload server is running on port 35729
2024-04-01 17:12:31,137 [INFO] [restartedMain] [36mo.a.c.h.Http11NioProtocol[173][0;39m : Starting ProtocolHandler ["http-nio-8080"]
2024-04-01 17:12:31,161 [INFO] [restartedMain] [36mo.s.b.w.e.t.TomcatWebServer[241][0;39m : Tomcat started on port 8080 (http) with context path ''
2024-04-01 17:12:31,180 [INFO] [restartedMain] [36mt.y.b.l.LogApplication[56][0;39m : Started LogApplication in 3.764 seconds (process running for 4.273)
2024-04-01 17:12:35,510 [INFO] [http-nio-8080-exec-1] [36mo.a.c.c.C.[.[.[/][173][0;39m : Initializing Spring DispatcherServlet 'dispatcherServlet'
2024-04-01 17:12:35,510 [INFO] [http-nio-8080-exec-1] [36mo.s.w.s.DispatcherServlet[532][0;39m : Initializing Servlet 'dispatcherServlet'
2024-04-01 17:12:35,511 [INFO] [http-nio-8080-exec-1] [36mo.s.w.s.DispatcherServlet[554][0;39m : Completed initialization in 0 ms
